<?xml version="1.0" encoding="UTF-8"?>
<testsuite name="com.zerobase.schedulemanagement.domain.service.ScheduleServiceIntegrationTest" tests="1" skipped="0" failures="0" errors="0" timestamp="2024-01-29T12:51:55" hostname="AL02423492" time="0.393">
  <properties/>
  <testcase name="F_createSchedule_no_member()" classname="com.zerobase.schedulemanagement.domain.service.ScheduleServiceIntegrationTest" time="0.393"/>
  <system-out><![CDATA[21:51:52.887 [Test worker] INFO org.springframework.test.context.support.AnnotationConfigContextLoaderUtils -- Could not detect default configuration classes for test class [com.zerobase.schedulemanagement.domain.service.ScheduleServiceIntegrationTest]: ScheduleServiceIntegrationTest does not declare any static, non-private, non-final, nested classes annotated with @Configuration.
21:51:52.945 [Test worker] INFO org.springframework.boot.test.context.SpringBootTestContextBootstrapper -- Found @SpringBootConfiguration com.zerobase.schedulemanagement.ScheduleManagementApplication for test class com.zerobase.schedulemanagement.domain.service.ScheduleServiceIntegrationTest

  .   ____          _            __ _ _
 /\\ / ___'_ __ _ _(_)_ __  __ _ \ \ \ \
( ( )\___ | '_ | '_| | '_ \/ _` | \ \ \ \
 \\/  ___)| |_)| | | | | || (_| |  ) ) ) )
  '  |____| .__|_| |_|_| |_\__, | / / / /
 =========|_|==============|___/=/_/_/_/
 :: Spring Boot ::                (v3.2.1)

2024-01-29T21:51:53.142+09:00  INFO 2698 --- [    Test worker] c.z.s.d.s.ScheduleServiceIntegrationTest : Starting ScheduleServiceIntegrationTest using Java 17.0.7 with PID 2698 (started by user in /Users/user/Library/Mobile Documents/com~apple~CloudDocs/Desktop/EA/멘토링/데이원컴퍼니/제로베이스스쿨/강의진행/schedule-management)
2024-01-29T21:51:53.143+09:00  INFO 2698 --- [    Test worker] c.z.s.d.s.ScheduleServiceIntegrationTest : No active profile set, falling back to 1 default profile: "default"
2024-01-29T21:51:53.465+09:00  INFO 2698 --- [    Test worker] .s.d.r.c.RepositoryConfigurationDelegate : Bootstrapping Spring Data JPA repositories in DEFAULT mode.
2024-01-29T21:51:53.495+09:00  INFO 2698 --- [    Test worker] .s.d.r.c.RepositoryConfigurationDelegate : Finished Spring Data repository scanning in 26 ms. Found 3 JPA repository interfaces.
2024-01-29T21:51:53.710+09:00  INFO 2698 --- [    Test worker] o.hibernate.jpa.internal.util.LogHelper  : HHH000204: Processing PersistenceUnitInfo [name: default]
2024-01-29T21:51:53.842+09:00  INFO 2698 --- [    Test worker] org.hibernate.Version                    : HHH000412: Hibernate ORM core version 6.4.1.Final
2024-01-29T21:51:53.889+09:00  INFO 2698 --- [    Test worker] o.h.c.internal.RegionFactoryInitiator    : HHH000026: Second-level cache disabled
2024-01-29T21:51:54.001+09:00  INFO 2698 --- [    Test worker] o.s.o.j.p.SpringPersistenceUnitInfo      : No LoadTimeWeaver setup: ignoring JPA class transformer
2024-01-29T21:51:54.017+09:00  INFO 2698 --- [    Test worker] com.zaxxer.hikari.HikariDataSource       : HikariPool-1 - Starting...
2024-01-29T21:51:54.110+09:00  INFO 2698 --- [    Test worker] com.zaxxer.hikari.pool.HikariPool        : HikariPool-1 - Added connection conn0: url=jdbc:h2:mem:test user=SA
2024-01-29T21:51:54.111+09:00  INFO 2698 --- [    Test worker] com.zaxxer.hikari.HikariDataSource       : HikariPool-1 - Start completed.
2024-01-29T21:51:54.127+09:00  WARN 2698 --- [    Test worker] org.hibernate.orm.deprecation            : HHH90000025: H2Dialect does not need to be specified explicitly using 'hibernate.dialect' (remove the property setting and it will be selected by default)
2024-01-29T21:51:54.556+09:00  INFO 2698 --- [    Test worker] o.h.e.t.j.p.i.JtaPlatformInitiator       : HHH000489: No JTA platform available (set 'hibernate.transaction.jta.platform' to enable JTA platform integration)
2024-01-29T21:51:54.580+09:00  INFO 2698 --- [    Test worker] j.LocalContainerEntityManagerFactoryBean : Initialized JPA EntityManagerFactory for persistence unit 'default'
2024-01-29T21:51:54.973+09:00  INFO 2698 --- [    Test worker] o.s.b.a.h2.H2ConsoleAutoConfiguration    : H2 console available at '/h2-console'. Database available at 'jdbc:h2:mem:test'
2024-01-29T21:51:55.003+09:00  INFO 2698 --- [    Test worker] c.z.s.d.s.ScheduleServiceIntegrationTest : Started ScheduleServiceIntegrationTest in 1.982 seconds (process running for 2.515)
]]></system-out>
  <system-err><![CDATA[]]></system-err>
</testsuite>
